{
"C:\\Users\\katerina\\visualStudioGit\\fly\\dist\\fly.js":{"path":"C:\\Users\\katerina\\visualStudioGit\\fly\\dist\\fly.js","s":{"1":1,"2":1,"3":1,"4":2,"5":0,"6":2,"7":2,"8":2,"9":2,"10":1,"11":1,"12":1,"13":0,"14":1,"15":0,"16":0,"17":1,"18":0,"19":0,"20":0,"21":0,"22":0,"23":1,"24":0,"25":1,"26":1,"27":1,"28":0,"29":25,"30":1,"31":60,"32":49,"33":24,"34":25,"35":14,"36":40,"37":21,"38":10,"39":10,"40":10,"41":10,"42":0,"43":1,"44":22,"45":22,"46":22,"47":0,"48":0,"49":0,"50":0,"51":22,"52":13,"53":12,"54":3,"55":9,"56":9,"57":6,"58":9,"59":9,"60":10,"61":10,"62":36,"63":78,"64":62,"65":16,"66":8,"67":36,"68":1,"69":1,"70":1,"71":1,"72":1,"73":1,"74":3,"75":3,"76":3,"77":3,"78":3,"79":3,"80":1,"81":1,"82":1,"83":1,"84":0,"85":1,"86":1,"87":2,"88":0,"89":1,"90":1,"91":1,"92":1,"93":2,"94":2,"95":2,"96":1,"97":4,"98":4,"99":1,"100":1,"101":4,"102":1,"103":1,"104":1,"105":1,"106":1,"107":1,"108":1,"109":0,"110":0,"111":0,"112":2,"113":0,"114":0,"115":1,"116":2,"117":2,"118":2,"119":2,"120":2,"121":1,"122":8,"123":8,"124":8,"125":8,"126":8,"127":8,"128":8,"129":8,"130":8,"131":8,"132":0,"133":0,"134":8,"135":8,"136":1,"137":16,"138":1,"139":16,"140":6,"141":6,"142":10,"143":1,"144":8,"145":8,"146":8,"147":8,"148":0,"149":8,"150":7,"151":7,"152":0,"153":0,"154":0,"155":7,"156":0,"157":7,"158":7,"159":7,"160":7,"161":7,"162":8,"163":8,"164":8,"165":8,"166":8,"167":1,"168":8,"169":8,"170":8,"171":1,"172":8,"173":0,"174":8,"175":1,"176":8,"177":8,"178":8,"179":8,"180":8,"181":8,"182":8,"183":8,"184":8,"185":2,"186":6,"187":1,"188":1,"189":8,"190":1,"191":8,"192":23,"193":0,"194":23,"195":23,"196":1,"197":8,"198":8,"199":0,"200":0,"201":0,"202":0,"203":8,"204":8,"205":8,"206":7,"207":1,"208":1,"209":1,"210":1,"211":1,"212":1,"213":1,"214":8,"215":7,"216":7,"217":7,"218":7,"219":7,"220":7,"221":7,"222":7,"223":7,"224":7,"225":7,"226":0,"227":7,"228":7,"229":7,"230":7,"231":7,"232":7,"233":7,"234":7,"235":7,"236":7,"237":0,"238":0,"239":0,"240":0,"241":8,"242":1,"243":8,"244":0,"245":8,"246":8,"247":8,"248":8,"249":8,"250":8,"251":8,"252":8,"253":8,"254":8,"255":8,"256":8,"257":8,"258":8,"259":7,"260":8,"261":7,"262":8,"263":8,"264":8,"265":0,"266":0,"267":8,"268":8,"269":1,"270":1,"271":1,"272":1,"273":1,"274":1,"275":6,"276":8,"277":1,"278":3,"279":2,"280":1,"281":1,"282":1,"283":1},"b":{"1":[0,2],"2":[0,0],"3":[0,0],"4":[0,0],"5":[0,1],"6":[1,0],"7":[0,25],"8":[25,25,0,0],"9":[24,25],"10":[25,25],"11":[0,25],"12":[14,14],"13":[0,10],"14":[0,22],"15":[0,0],"16":[13,9],"17":[3,9],"18":[6,3],"19":[62,16],"20":[8,8],"21":[16,8],"22":[3,3],"23":[3,0],"24":[1,0],"25":[0,1],"26":[0,2],"27":[2,2],"28":[1,0],"29":[1,0],"30":[0,0],"31":[0,8],"32":[8,0],"33":[8,6],"34":[16,16,1],"35":[6,10],"36":[8,0],"37":[0,8],"38":[8,0,0],"39":[7,1],"40":[0,7],"41":[7,0],"42":[0,0],"43":[0,7],"44":[7,0],"45":[7,0],"46":[8,8],"47":[8,0],"48":[1,7],"49":[8,6],"50":[1,7],"51":[0,8],"52":[8,6,1],"53":[1,7],"54":[0,1],"55":[8,8],"56":[8,0],"57":[8,6],"58":[2,6],"59":[8,6],"60":[1,5],"61":[6,6],"62":[1,7],"63":[8,6],"64":[0,23],"65":[23,8],"66":[0,8],"67":[0,0],"68":[0,0],"69":[8,0],"70":[7,1],"71":[7,0],"72":[7,0],"73":[7,7,7,7],"74":[7,0],"75":[7,0],"76":[7,0],"77":[0,7],"78":[7,0],"79":[7,7,0],"80":[1,1],"81":[6,2],"82":[8,8,6],"83":[8,5],"84":[8,0],"85":[7,1],"86":[7,6],"87":[7,1],"88":[8,0]},"f":{"1":1,"2":2,"3":0,"4":0,"5":0,"6":0,"7":0,"8":0,"9":1,"10":0,"11":25,"12":60,"13":49,"14":14,"15":40,"16":21,"17":10,"18":22,"19":0,"20":36,"21":1,"22":1,"23":1,"24":1,"25":1,"26":2,"27":1,"28":2,"29":4,"30":1,"31":1,"32":1,"33":1,"34":0,"35":0,"36":1,"37":8,"38":8,"39":16,"40":16,"41":6,"42":8,"43":8,"44":8,"45":7,"46":1,"47":1,"48":1,"49":7,"50":7,"51":1,"52":0,"53":8,"54":8,"55":8,"56":0,"57":1,"58":1,"59":1,"60":6,"61":8,"62":3,"63":2,"64":1},"fnMap":{"1":{"name":"(anonymous_1)","line":1,"loc":{"start":{"line":1,"column":10},"end":{"line":1,"column":28}}},"2":{"name":"__webpack_require__","line":6,"loc":{"start":{"line":6,"column":10},"end":{"line":6,"column":49}}},"3":{"name":"(anonymous_3)","line":37,"loc":{"start":{"line":37,"column":34},"end":{"line":37,"column":50}}},"4":{"name":"(anonymous_4)","line":40,"loc":{"start":{"line":40,"column":34},"end":{"line":40,"column":66}}},"5":{"name":"(anonymous_5)","line":51,"loc":{"start":{"line":51,"column":34},"end":{"line":51,"column":51}}},"6":{"name":"getDefault","line":53,"loc":{"start":{"line":53,"column":12},"end":{"line":53,"column":34}}},"7":{"name":"getModuleExports","line":54,"loc":{"start":{"line":54,"column":12},"end":{"line":54,"column":40}}},"8":{"name":"(anonymous_8)","line":60,"loc":{"start":{"line":60,"column":34},"end":{"line":60,"column":61}}},"9":{"name":"(anonymous_9)","line":72,"loc":{"start":{"line":72,"column":7},"end":{"line":72,"column":54}}},"10":{"name":"(anonymous_10)","line":77,"loc":{"start":{"line":77,"column":84},"end":{"line":77,"column":99}}},"11":{"name":"(anonymous_11)","line":77,"loc":{"start":{"line":77,"column":124},"end":{"line":77,"column":139}}},"12":{"name":"type","line":80,"loc":{"start":{"line":80,"column":10},"end":{"line":80,"column":28}}},"13":{"name":"isObject","line":83,"loc":{"start":{"line":83,"column":14},"end":{"line":83,"column":42}}},"14":{"name":"isFormData","line":90,"loc":{"start":{"line":90,"column":16},"end":{"line":90,"column":41}}},"15":{"name":"trim","line":93,"loc":{"start":{"line":93,"column":10},"end":{"line":93,"column":29}}},"16":{"name":"encode","line":96,"loc":{"start":{"line":96,"column":12},"end":{"line":96,"column":33}}},"17":{"name":"formatParams","line":99,"loc":{"start":{"line":99,"column":18},"end":{"line":99,"column":46}}},"18":{"name":"_encode","line":107,"loc":{"start":{"line":107,"column":8},"end":{"line":107,"column":36}}},"19":{"name":"(anonymous_19)","line":111,"loc":{"start":{"line":111,"column":28},"end":{"line":111,"column":44}}},"20":{"name":"merge","line":137,"loc":{"start":{"line":137,"column":11},"end":{"line":137,"column":32}}},"21":{"name":"(anonymous_21)","line":152,"loc":{"start":{"line":152,"column":7},"end":{"line":152,"column":54}}},"22":{"name":"KEEP","line":154,"loc":{"start":{"line":154,"column":0},"end":{"line":154,"column":19}}},"23":{"name":"(anonymous_23)","line":157,"loc":{"start":{"line":157,"column":19},"end":{"line":157,"column":31}}},"24":{"name":"defineProperties","line":157,"loc":{"start":{"line":157,"column":33},"end":{"line":157,"column":74}}},"25":{"name":"(anonymous_25)","line":157,"loc":{"start":{"line":157,"column":357},"end":{"line":157,"column":405}}},"26":{"name":"_classCallCheck","line":159,"loc":{"start":{"line":159,"column":0},"end":{"line":159,"column":48}}},"27":{"name":"(anonymous_27)","line":164,"loc":{"start":{"line":164,"column":10},"end":{"line":164,"column":22}}},"28":{"name":"Fly","line":165,"loc":{"start":{"line":165,"column":4},"end":{"line":165,"column":25}}},"29":{"name":"wrap","line":181,"loc":{"start":{"line":181,"column":8},"end":{"line":181,"column":35}}},"30":{"name":"_clear","line":185,"loc":{"start":{"line":185,"column":12},"end":{"line":185,"column":30}}},"31":{"name":"lock","line":190,"loc":{"start":{"line":190,"column":22},"end":{"line":190,"column":38}}},"32":{"name":"(anonymous_32)","line":192,"loc":{"start":{"line":192,"column":52},"end":{"line":192,"column":81}}},"33":{"name":"unlock","line":198,"loc":{"start":{"line":198,"column":24},"end":{"line":198,"column":42}}},"34":{"name":"clear","line":204,"loc":{"start":{"line":204,"column":23},"end":{"line":204,"column":40}}},"35":{"name":"use","line":215,"loc":{"start":{"line":215,"column":21},"end":{"line":215,"column":52}}},"36":{"name":"use","line":221,"loc":{"start":{"line":221,"column":21},"end":{"line":221,"column":43}}},"37":{"name":"request","line":245,"loc":{"start":{"line":245,"column":15},"end":{"line":245,"column":52}}},"38":{"name":"(anonymous_38)","line":255,"loc":{"start":{"line":255,"column":38},"end":{"line":255,"column":65}}},"39":{"name":"isPromise","line":263,"loc":{"start":{"line":263,"column":16},"end":{"line":263,"column":38}}},"40":{"name":"enqueueIfLocked","line":275,"loc":{"start":{"line":275,"column":16},"end":{"line":275,"column":60}}},"41":{"name":"(anonymous_41)","line":277,"loc":{"start":{"line":277,"column":37},"end":{"line":277,"column":49}}},"42":{"name":"makeRequest","line":286,"loc":{"start":{"line":286,"column":16},"end":{"line":286,"column":46}}},"43":{"name":"onresult","line":382,"loc":{"start":{"line":382,"column":20},"end":{"line":382,"column":59}}},"44":{"name":"(anonymous_44)","line":383,"loc":{"start":{"line":383,"column":63},"end":{"line":383,"column":75}}},"45":{"name":"(anonymous_45)","line":395,"loc":{"start":{"line":395,"column":38},"end":{"line":395,"column":51}}},"46":{"name":"(anonymous_46)","line":397,"loc":{"start":{"line":397,"column":37},"end":{"line":397,"column":50}}},"47":{"name":"onerror","line":403,"loc":{"start":{"line":403,"column":20},"end":{"line":403,"column":40}}},"48":{"name":"Err","line":408,"loc":{"start":{"line":408,"column":20},"end":{"line":408,"column":46}}},"49":{"name":"(anonymous_49)","line":413,"loc":{"start":{"line":413,"column":36},"end":{"line":413,"column":48}}},"50":{"name":"(anonymous_50)","line":430,"loc":{"start":{"line":430,"column":46},"end":{"line":430,"column":59}}},"51":{"name":"(anonymous_51)","line":455,"loc":{"start":{"line":455,"column":37},"end":{"line":455,"column":50}}},"52":{"name":"(anonymous_52)","line":459,"loc":{"start":{"line":459,"column":39},"end":{"line":459,"column":51}}},"53":{"name":"(anonymous_53)","line":463,"loc":{"start":{"line":463,"column":31},"end":{"line":463,"column":43}}},"54":{"name":"(anonymous_54)","line":468,"loc":{"start":{"line":468,"column":54},"end":{"line":468,"column":66}}},"55":{"name":"(anonymous_55)","line":484,"loc":{"start":{"line":484,"column":29},"end":{"line":484,"column":42}}},"56":{"name":"(anonymous_56)","line":491,"loc":{"start":{"line":491,"column":23},"end":{"line":491,"column":38}}},"57":{"name":"all","line":501,"loc":{"start":{"line":501,"column":15},"end":{"line":501,"column":38}}},"58":{"name":"spread","line":506,"loc":{"start":{"line":506,"column":15},"end":{"line":506,"column":41}}},"59":{"name":"(anonymous_59)","line":507,"loc":{"start":{"line":507,"column":19},"end":{"line":507,"column":34}}},"60":{"name":"(anonymous_60)","line":521,"loc":{"start":{"line":521,"column":58},"end":{"line":521,"column":71}}},"61":{"name":"(anonymous_61)","line":522,"loc":{"start":{"line":522,"column":23},"end":{"line":522,"column":52}}},"62":{"name":"(anonymous_62)","line":526,"loc":{"start":{"line":526,"column":44},"end":{"line":526,"column":57}}},"63":{"name":"(anonymous_63)","line":527,"loc":{"start":{"line":527,"column":31},"end":{"line":527,"column":43}}},"64":{"name":"(anonymous_64)","line":532,"loc":{"start":{"line":532,"column":21},"end":{"line":532,"column":33}}}},"statementMap":{"1":{"start":{"line":1,"column":9},"end":{"line":541,"column":12}},"2":{"start":{"line":3,"column":10},"end":{"line":3,"column":36}},"3":{"start":{"line":6,"column":10},"end":{"line":27,"column":11}},"4":{"start":{"line":9,"column":11},"end":{"line":11,"column":12}},"5":{"start":{"line":10,"column":12},"end":{"line":10,"column":54}},"6":{"start":{"line":13,"column":11},"end":{"line":17,"column":13}},"7":{"start":{"line":20,"column":11},"end":{"line":20,"column":95}},"8":{"start":{"line":23,"column":11},"end":{"line":23,"column":27}},"9":{"start":{"line":26,"column":11},"end":{"line":26,"column":33}},"10":{"start":{"line":31,"column":10},"end":{"line":31,"column":42}},"11":{"start":{"line":34,"column":10},"end":{"line":34,"column":51}},"12":{"start":{"line":37,"column":10},"end":{"line":37,"column":68}},"13":{"start":{"line":37,"column":52},"end":{"line":37,"column":65}},"14":{"start":{"line":40,"column":10},"end":{"line":48,"column":12}},"15":{"start":{"line":41,"column":11},"end":{"line":47,"column":12}},"16":{"start":{"line":42,"column":12},"end":{"line":46,"column":15}},"17":{"start":{"line":51,"column":10},"end":{"line":57,"column":12}},"18":{"start":{"line":52,"column":11},"end":{"line":54,"column":59}},"19":{"start":{"line":53,"column":36},"end":{"line":53,"column":61}},"20":{"start":{"line":54,"column":42},"end":{"line":54,"column":56}},"21":{"start":{"line":55,"column":11},"end":{"line":55,"column":54}},"22":{"start":{"line":56,"column":11},"end":{"line":56,"column":25}},"23":{"start":{"line":60,"column":10},"end":{"line":60,"column":128}},"24":{"start":{"line":60,"column":63},"end":{"line":60,"column":125}},"25":{"start":{"line":63,"column":10},"end":{"line":63,"column":37}},"26":{"start":{"line":66,"column":10},"end":{"line":66,"column":64}},"27":{"start":{"line":77,"column":0},"end":{"line":77,"column":269}},"28":{"start":{"line":77,"column":101},"end":{"line":77,"column":119}},"29":{"start":{"line":77,"column":141},"end":{"line":77,"column":266}},"30":{"start":{"line":79,"column":0},"end":{"line":147,"column":2}},"31":{"start":{"line":81,"column":8},"end":{"line":81,"column":77}},"32":{"start":{"line":84,"column":8},"end":{"line":88,"column":9}},"33":{"start":{"line":85,"column":12},"end":{"line":85,"column":46}},"34":{"start":{"line":87,"column":12},"end":{"line":87,"column":94}},"35":{"start":{"line":91,"column":8},"end":{"line":91,"column":74}},"36":{"start":{"line":94,"column":8},"end":{"line":94,"column":49}},"37":{"start":{"line":97,"column":8},"end":{"line":97,"column":191}},"38":{"start":{"line":100,"column":8},"end":{"line":100,"column":21}},"39":{"start":{"line":101,"column":8},"end":{"line":101,"column":25}},"40":{"start":{"line":102,"column":8},"end":{"line":102,"column":24}},"41":{"start":{"line":103,"column":8},"end":{"line":105,"column":9}},"42":{"start":{"line":104,"column":12},"end":{"line":104,"column":24}},"43":{"start":{"line":107,"column":8},"end":{"line":130,"column":9}},"44":{"start":{"line":108,"column":12},"end":{"line":108,"column":37}},"45":{"start":{"line":109,"column":12},"end":{"line":109,"column":38}},"46":{"start":{"line":110,"column":12},"end":{"line":129,"column":13}},"47":{"start":{"line":111,"column":16},"end":{"line":114,"column":19}},"48":{"start":{"line":112,"column":20},"end":{"line":112,"column":50}},"49":{"start":{"line":112,"column":43},"end":{"line":112,"column":50}},"50":{"start":{"line":113,"column":20},"end":{"line":113,"column":59}},"51":{"start":{"line":115,"column":19},"end":{"line":129,"column":13}},"52":{"start":{"line":116,"column":16},"end":{"line":122,"column":17}},"53":{"start":{"line":117,"column":20},"end":{"line":121,"column":21}},"54":{"start":{"line":118,"column":24},"end":{"line":118,"column":78}},"55":{"start":{"line":120,"column":24},"end":{"line":120,"column":55}},"56":{"start":{"line":124,"column":16},"end":{"line":126,"column":17}},"57":{"start":{"line":125,"column":20},"end":{"line":125,"column":31}},"58":{"start":{"line":127,"column":16},"end":{"line":127,"column":30}},"59":{"start":{"line":128,"column":16},"end":{"line":128,"column":48}},"60":{"start":{"line":132,"column":8},"end":{"line":132,"column":26}},"61":{"start":{"line":133,"column":8},"end":{"line":133,"column":19}},"62":{"start":{"line":138,"column":8},"end":{"line":144,"column":9}},"63":{"start":{"line":139,"column":12},"end":{"line":143,"column":13}},"64":{"start":{"line":140,"column":16},"end":{"line":140,"column":32}},"65":{"start":{"line":141,"column":19},"end":{"line":143,"column":13}},"66":{"start":{"line":142,"column":16},"end":{"line":142,"column":43}},"67":{"start":{"line":145,"column":8},"end":{"line":145,"column":17}},"68":{"start":{"line":154,"column":0},"end":{"line":154,"column":26}},"69":{"start":{"line":154,"column":20},"end":{"line":154,"column":25}},"70":{"start":{"line":155,"column":0},"end":{"line":155,"column":13}},"71":{"start":{"line":157,"column":0},"end":{"line":157,"column":564}},"72":{"start":{"line":157,"column":33},"end":{"line":157,"column":349}},"73":{"start":{"line":157,"column":76},"end":{"line":157,"column":347}},"74":{"start":{"line":157,"column":117},"end":{"line":157,"column":143}},"75":{"start":{"line":157,"column":144},"end":{"line":157,"column":199}},"76":{"start":{"line":157,"column":200},"end":{"line":157,"column":231}},"77":{"start":{"line":157,"column":232},"end":{"line":157,"column":286}},"78":{"start":{"line":157,"column":259},"end":{"line":157,"column":286}},"79":{"start":{"line":157,"column":287},"end":{"line":157,"column":345}},"80":{"start":{"line":157,"column":350},"end":{"line":157,"column":559}},"81":{"start":{"line":157,"column":407},"end":{"line":157,"column":475}},"82":{"start":{"line":157,"column":423},"end":{"line":157,"column":475}},"83":{"start":{"line":157,"column":476},"end":{"line":157,"column":536}},"84":{"start":{"line":157,"column":493},"end":{"line":157,"column":536}},"85":{"start":{"line":157,"column":537},"end":{"line":157,"column":556}},"86":{"start":{"line":159,"column":0},"end":{"line":159,"column":153}},"87":{"start":{"line":159,"column":50},"end":{"line":159,"column":151}},"88":{"start":{"line":159,"column":92},"end":{"line":159,"column":149}},"89":{"start":{"line":161,"column":0},"end":{"line":161,"column":35}},"90":{"start":{"line":162,"column":0},"end":{"line":162,"column":48}},"91":{"start":{"line":164,"column":0},"end":{"line":514,"column":4}},"92":{"start":{"line":165,"column":4},"end":{"line":241,"column":5}},"93":{"start":{"line":166,"column":8},"end":{"line":166,"column":35}},"94":{"start":{"line":168,"column":8},"end":{"line":168,"column":47}},"95":{"start":{"line":170,"column":8},"end":{"line":170,"column":28}},"96":{"start":{"line":181,"column":8},"end":{"line":211,"column":9}},"97":{"start":{"line":182,"column":12},"end":{"line":182,"column":33}},"98":{"start":{"line":183,"column":12},"end":{"line":183,"column":32}},"99":{"start":{"line":185,"column":12},"end":{"line":187,"column":13}},"100":{"start":{"line":186,"column":16},"end":{"line":186,"column":56}},"101":{"start":{"line":189,"column":12},"end":{"line":210,"column":15}},"102":{"start":{"line":191,"column":20},"end":{"line":196,"column":21}},"103":{"start":{"line":192,"column":24},"end":{"line":195,"column":27}},"104":{"start":{"line":193,"column":28},"end":{"line":193,"column":47}},"105":{"start":{"line":194,"column":28},"end":{"line":194,"column":45}},"106":{"start":{"line":199,"column":20},"end":{"line":202,"column":21}},"107":{"start":{"line":200,"column":24},"end":{"line":200,"column":34}},"108":{"start":{"line":201,"column":24},"end":{"line":201,"column":33}},"109":{"start":{"line":205,"column":20},"end":{"line":208,"column":21}},"110":{"start":{"line":206,"column":24},"end":{"line":206,"column":41}},"111":{"start":{"line":207,"column":24},"end":{"line":207,"column":33}},"112":{"start":{"line":213,"column":8},"end":{"line":225,"column":10}},"113":{"start":{"line":216,"column":20},"end":{"line":216,"column":43}},"114":{"start":{"line":217,"column":20},"end":{"line":217,"column":43}},"115":{"start":{"line":222,"column":20},"end":{"line":222,"column":43}},"116":{"start":{"line":227,"column":8},"end":{"line":227,"column":39}},"117":{"start":{"line":228,"column":8},"end":{"line":228,"column":40}},"118":{"start":{"line":229,"column":8},"end":{"line":229,"column":18}},"119":{"start":{"line":230,"column":8},"end":{"line":230,"column":18}},"120":{"start":{"line":232,"column":8},"end":{"line":240,"column":10}},"121":{"start":{"line":243,"column":4},"end":{"line":511,"column":8}},"122":{"start":{"line":246,"column":12},"end":{"line":246,"column":29}},"123":{"start":{"line":248,"column":12},"end":{"line":248,"column":43}},"124":{"start":{"line":249,"column":12},"end":{"line":249,"column":45}},"125":{"start":{"line":250,"column":12},"end":{"line":250,"column":65}},"126":{"start":{"line":251,"column":12},"end":{"line":251,"column":49}},"127":{"start":{"line":252,"column":12},"end":{"line":252,"column":58}},"128":{"start":{"line":253,"column":12},"end":{"line":253,"column":60}},"129":{"start":{"line":254,"column":12},"end":{"line":254,"column":71}},"130":{"start":{"line":255,"column":12},"end":{"line":495,"column":15}},"131":{"start":{"line":256,"column":16},"end":{"line":259,"column":17}},"132":{"start":{"line":257,"column":20},"end":{"line":257,"column":34}},"133":{"start":{"line":258,"column":20},"end":{"line":258,"column":38}},"134":{"start":{"line":260,"column":16},"end":{"line":260,"column":40}},"135":{"start":{"line":261,"column":16},"end":{"line":261,"column":56}},"136":{"start":{"line":263,"column":16},"end":{"line":267,"column":17}},"137":{"start":{"line":266,"column":20},"end":{"line":266,"column":50}},"138":{"start":{"line":275,"column":16},"end":{"line":283,"column":17}},"139":{"start":{"line":276,"column":20},"end":{"line":282,"column":21}},"140":{"start":{"line":277,"column":24},"end":{"line":279,"column":27}},"141":{"start":{"line":278,"column":28},"end":{"line":278,"column":39}},"142":{"start":{"line":281,"column":24},"end":{"line":281,"column":35}},"143":{"start":{"line":286,"column":16},"end":{"line":466,"column":17}},"144":{"start":{"line":287,"column":20},"end":{"line":287,"column":40}},"145":{"start":{"line":289,"column":20},"end":{"line":289,"column":50}},"146":{"start":{"line":290,"column":20},"end":{"line":290,"column":68}},"147":{"start":{"line":291,"column":20},"end":{"line":291,"column":75}},"148":{"start":{"line":291,"column":55},"end":{"line":291,"column":75}},"149":{"start":{"line":292,"column":20},"end":{"line":311,"column":21}},"150":{"start":{"line":293,"column":24},"end":{"line":293,"column":56}},"151":{"start":{"line":294,"column":24},"end":{"line":298,"column":25}},"152":{"start":{"line":295,"column":28},"end":{"line":295,"column":67}},"153":{"start":{"line":296,"column":28},"end":{"line":296,"column":38}},"154":{"start":{"line":297,"column":28},"end":{"line":297,"column":115}},"155":{"start":{"line":299,"column":24},"end":{"line":301,"column":25}},"156":{"start":{"line":300,"column":28},"end":{"line":300,"column":43}},"157":{"start":{"line":302,"column":24},"end":{"line":302,"column":75}},"158":{"start":{"line":303,"column":24},"end":{"line":310,"column":25}},"159":{"start":{"line":307,"column":28},"end":{"line":307,"column":64}},"160":{"start":{"line":308,"column":28},"end":{"line":308,"column":41}},"161":{"start":{"line":309,"column":28},"end":{"line":309,"column":41}},"162":{"start":{"line":313,"column":20},"end":{"line":313,"column":78}},"163":{"start":{"line":314,"column":20},"end":{"line":314,"column":103}},"164":{"start":{"line":315,"column":20},"end":{"line":315,"column":52}},"165":{"start":{"line":316,"column":20},"end":{"line":316,"column":54}},"166":{"start":{"line":319,"column":20},"end":{"line":321,"column":21}},"167":{"start":{"line":320,"column":24},"end":{"line":320,"column":59}},"168":{"start":{"line":323,"column":20},"end":{"line":323,"column":56}},"169":{"start":{"line":326,"column":20},"end":{"line":326,"column":37}},"170":{"start":{"line":327,"column":20},"end":{"line":329,"column":21}},"171":{"start":{"line":328,"column":24},"end":{"line":328,"column":45}},"172":{"start":{"line":331,"column":20},"end":{"line":333,"column":21}},"173":{"start":{"line":332,"column":24},"end":{"line":332,"column":43}},"174":{"start":{"line":336,"column":20},"end":{"line":338,"column":21}},"175":{"start":{"line":337,"column":24},"end":{"line":337,"column":89}},"176":{"start":{"line":340,"column":20},"end":{"line":340,"column":53}},"177":{"start":{"line":343,"column":20},"end":{"line":349,"column":34}},"178":{"start":{"line":344,"column":24},"end":{"line":344,"column":75}},"179":{"start":{"line":345,"column":24},"end":{"line":345,"column":62}},"180":{"start":{"line":346,"column":24},"end":{"line":348,"column":25}},"181":{"start":{"line":347,"column":28},"end":{"line":347,"column":63}},"182":{"start":{"line":351,"column":20},"end":{"line":351,"column":114}},"183":{"start":{"line":354,"column":20},"end":{"line":354,"column":75}},"184":{"start":{"line":358,"column":20},"end":{"line":363,"column":21}},"185":{"start":{"line":359,"column":24},"end":{"line":359,"column":56}},"186":{"start":{"line":360,"column":27},"end":{"line":363,"column":21}},"187":{"start":{"line":361,"column":24},"end":{"line":361,"column":72}},"188":{"start":{"line":362,"column":24},"end":{"line":362,"column":52}},"189":{"start":{"line":365,"column":20},"end":{"line":367,"column":21}},"190":{"start":{"line":366,"column":24},"end":{"line":366,"column":68}},"191":{"start":{"line":369,"column":20},"end":{"line":380,"column":21}},"192":{"start":{"line":370,"column":24},"end":{"line":379,"column":25}},"193":{"start":{"line":372,"column":28},"end":{"line":372,"column":54}},"194":{"start":{"line":374,"column":28},"end":{"line":378,"column":42}},"195":{"start":{"line":377,"column":32},"end":{"line":377,"column":79}},"196":{"start":{"line":382,"column":20},"end":{"line":401,"column":21}},"197":{"start":{"line":383,"column":24},"end":{"line":400,"column":27}},"198":{"start":{"line":384,"column":28},"end":{"line":391,"column":29}},"199":{"start":{"line":386,"column":32},"end":{"line":388,"column":33}},"200":{"start":{"line":387,"column":36},"end":{"line":387,"column":59}},"201":{"start":{"line":389,"column":32},"end":{"line":389,"column":91}},"202":{"start":{"line":390,"column":32},"end":{"line":390,"column":70}},"203":{"start":{"line":392,"column":28},"end":{"line":394,"column":29}},"204":{"start":{"line":393,"column":32},"end":{"line":393,"column":88}},"205":{"start":{"line":395,"column":28},"end":{"line":399,"column":31}},"206":{"start":{"line":396,"column":32},"end":{"line":396,"column":43}},"207":{"start":{"line":398,"column":32},"end":{"line":398,"column":42}},"208":{"start":{"line":403,"column":20},"end":{"line":406,"column":21}},"209":{"start":{"line":404,"column":24},"end":{"line":404,"column":42}},"210":{"start":{"line":405,"column":24},"end":{"line":405,"column":69}},"211":{"start":{"line":408,"column":20},"end":{"line":411,"column":21}},"212":{"start":{"line":409,"column":24},"end":{"line":409,"column":43}},"213":{"start":{"line":410,"column":24},"end":{"line":410,"column":45}},"214":{"start":{"line":413,"column":20},"end":{"line":453,"column":22}},"215":{"start":{"line":414,"column":24},"end":{"line":452,"column":25}},"216":{"start":{"line":416,"column":28},"end":{"line":416,"column":82}},"217":{"start":{"line":417,"column":28},"end":{"line":422,"column":29}},"218":{"start":{"line":421,"column":32},"end":{"line":421,"column":64}},"219":{"start":{"line":424,"column":28},"end":{"line":424,"column":65}},"220":{"start":{"line":426,"column":28},"end":{"line":435,"column":29}},"221":{"start":{"line":427,"column":32},"end":{"line":427,"column":45}},"222":{"start":{"line":428,"column":32},"end":{"line":428,"column":97}},"223":{"start":{"line":429,"column":32},"end":{"line":429,"column":44}},"224":{"start":{"line":430,"column":32},"end":{"line":434,"column":35}},"225":{"start":{"line":431,"column":36},"end":{"line":431,"column":51}},"226":{"start":{"line":431,"column":44},"end":{"line":431,"column":51}},"227":{"start":{"line":432,"column":36},"end":{"line":432,"column":62}},"228":{"start":{"line":433,"column":36},"end":{"line":433,"column":81}},"229":{"start":{"line":436,"column":28},"end":{"line":436,"column":55}},"230":{"start":{"line":437,"column":28},"end":{"line":437,"column":63}},"231":{"start":{"line":438,"column":28},"end":{"line":438,"column":115}},"232":{"start":{"line":440,"column":28},"end":{"line":440,"column":65}},"233":{"start":{"line":441,"column":28},"end":{"line":449,"column":29}},"234":{"start":{"line":442,"column":32},"end":{"line":442,"column":54}},"235":{"start":{"line":443,"column":32},"end":{"line":443,"column":56}},"236":{"start":{"line":444,"column":32},"end":{"line":444,"column":80}},"237":{"start":{"line":446,"column":32},"end":{"line":446,"column":68}},"238":{"start":{"line":447,"column":32},"end":{"line":447,"column":51}},"239":{"start":{"line":448,"column":32},"end":{"line":448,"column":43}},"240":{"start":{"line":451,"column":28},"end":{"line":451,"column":67}},"241":{"start":{"line":455,"column":20},"end":{"line":457,"column":22}},"242":{"start":{"line":456,"column":24},"end":{"line":456,"column":70}},"243":{"start":{"line":459,"column":20},"end":{"line":461,"column":22}},"244":{"start":{"line":460,"column":24},"end":{"line":460,"column":84}},"245":{"start":{"line":462,"column":20},"end":{"line":462,"column":46}},"246":{"start":{"line":463,"column":20},"end":{"line":465,"column":26}},"247":{"start":{"line":464,"column":24},"end":{"line":464,"column":61}},"248":{"start":{"line":468,"column":16},"end":{"line":494,"column":19}},"249":{"start":{"line":469,"column":20},"end":{"line":469,"column":83}},"250":{"start":{"line":470,"column":20},"end":{"line":470,"column":50}},"251":{"start":{"line":471,"column":20},"end":{"line":471,"column":103}},"252":{"start":{"line":472,"column":20},"end":{"line":472,"column":57}},"253":{"start":{"line":473,"column":20},"end":{"line":473,"column":56}},"254":{"start":{"line":474,"column":20},"end":{"line":474,"column":48}},"255":{"start":{"line":475,"column":20},"end":{"line":475,"column":66}},"256":{"start":{"line":476,"column":20},"end":{"line":476,"column":38}},"257":{"start":{"line":477,"column":20},"end":{"line":477,"column":38}},"258":{"start":{"line":478,"column":20},"end":{"line":480,"column":21}},"259":{"start":{"line":479,"column":24},"end":{"line":479,"column":110}},"260":{"start":{"line":481,"column":20},"end":{"line":483,"column":21}},"261":{"start":{"line":482,"column":24},"end":{"line":482,"column":51}},"262":{"start":{"line":484,"column":20},"end":{"line":493,"column":23}},"263":{"start":{"line":486,"column":24},"end":{"line":490,"column":25}},"264":{"start":{"line":487,"column":28},"end":{"line":487,"column":43}},"265":{"start":{"line":489,"column":28},"end":{"line":489,"column":39}},"266":{"start":{"line":492,"column":24},"end":{"line":492,"column":36}},"267":{"start":{"line":496,"column":12},"end":{"line":496,"column":36}},"268":{"start":{"line":497,"column":12},"end":{"line":497,"column":27}},"269":{"start":{"line":502,"column":12},"end":{"line":502,"column":41}},"270":{"start":{"line":507,"column":12},"end":{"line":509,"column":14}},"271":{"start":{"line":508,"column":16},"end":{"line":508,"column":49}},"272":{"start":{"line":513,"column":4},"end":{"line":513,"column":15}},"273":{"start":{"line":519,"column":0},"end":{"line":519,"column":18}},"274":{"start":{"line":521,"column":0},"end":{"line":525,"column":3}},"275":{"start":{"line":522,"column":4},"end":{"line":524,"column":6}},"276":{"start":{"line":523,"column":8},"end":{"line":523,"column":75}},"277":{"start":{"line":526,"column":8},"end":{"line":530,"column":11}},"278":{"start":{"line":527,"column":12},"end":{"line":529,"column":14}},"279":{"start":{"line":528,"column":16},"end":{"line":528,"column":47}},"280":{"start":{"line":532,"column":0},"end":{"line":536,"column":3}},"281":{"start":{"line":534,"column":4},"end":{"line":534,"column":27}},"282":{"start":{"line":535,"column":4},"end":{"line":535,"column":21}},"283":{"start":{"line":537,"column":0},"end":{"line":537,"column":21}}},"branchMap":{"1":{"line":9,"type":"if","locations":[{"start":{"line":9,"column":11},"end":{"line":9,"column":11}},{"start":{"line":9,"column":11},"end":{"line":9,"column":11}}]},"2":{"line":41,"type":"if","locations":[{"start":{"line":41,"column":11},"end":{"line":41,"column":11}},{"start":{"line":41,"column":11},"end":{"line":41,"column":11}}]},"3":{"line":52,"type":"cond-expr","locations":[{"start":{"line":53,"column":12},"end":{"line":53,"column":63}},{"start":{"line":54,"column":12},"end":{"line":54,"column":58}}]},"4":{"line":52,"type":"binary-expr","locations":[{"start":{"line":52,"column":24},"end":{"line":52,"column":30}},{"start":{"line":52,"column":34},"end":{"line":52,"column":51}}]},"5":{"line":77,"type":"cond-expr","locations":[{"start":{"line":77,"column":84},"end":{"line":77,"column":121}},{"start":{"line":77,"column":124},"end":{"line":77,"column":268}}]},"6":{"line":77,"type":"binary-expr","locations":[{"start":{"line":77,"column":14},"end":{"line":77,"column":42}},{"start":{"line":77,"column":46},"end":{"line":77,"column":81}}]},"7":{"line":77,"type":"cond-expr","locations":[{"start":{"line":77,"column":244},"end":{"line":77,"column":252}},{"start":{"line":77,"column":255},"end":{"line":77,"column":265}}]},"8":{"line":77,"type":"binary-expr","locations":[{"start":{"line":77,"column":148},"end":{"line":77,"column":151}},{"start":{"line":77,"column":155},"end":{"line":77,"column":183}},{"start":{"line":77,"column":187},"end":{"line":77,"column":213}},{"start":{"line":77,"column":217},"end":{"line":77,"column":241}}]},"9":{"line":84,"type":"if","locations":[{"start":{"line":84,"column":8},"end":{"line":84,"column":8}},{"start":{"line":84,"column":8},"end":{"line":84,"column":8}}]},"10":{"line":87,"type":"binary-expr","locations":[{"start":{"line":87,"column":19},"end":{"line":87,"column":21}},{"start":{"line":87,"column":25},"end":{"line":87,"column":93}}]},"11":{"line":87,"type":"cond-expr","locations":[{"start":{"line":87,"column":54},"end":{"line":87,"column":65}},{"start":{"line":87,"column":68},"end":{"line":87,"column":79}}]},"12":{"line":91,"type":"binary-expr","locations":[{"start":{"line":91,"column":15},"end":{"line":91,"column":46}},{"start":{"line":91,"column":50},"end":{"line":91,"column":73}}]},"13":{"line":103,"type":"if","locations":[{"start":{"line":103,"column":8},"end":{"line":103,"column":8}},{"start":{"line":103,"column":8},"end":{"line":103,"column":8}}]},"14":{"line":110,"type":"if","locations":[{"start":{"line":110,"column":12},"end":{"line":110,"column":12}},{"start":{"line":110,"column":12},"end":{"line":110,"column":12}}]},"15":{"line":112,"type":"if","locations":[{"start":{"line":112,"column":20},"end":{"line":112,"column":20}},{"start":{"line":112,"column":20},"end":{"line":112,"column":20}}]},"16":{"line":115,"type":"if","locations":[{"start":{"line":115,"column":19},"end":{"line":115,"column":19}},{"start":{"line":115,"column":19},"end":{"line":115,"column":19}}]},"17":{"line":117,"type":"if","locations":[{"start":{"line":117,"column":20},"end":{"line":117,"column":20}},{"start":{"line":117,"column":20},"end":{"line":117,"column":20}}]},"18":{"line":124,"type":"if","locations":[{"start":{"line":124,"column":16},"end":{"line":124,"column":16}},{"start":{"line":124,"column":16},"end":{"line":124,"column":16}}]},"19":{"line":139,"type":"if","locations":[{"start":{"line":139,"column":12},"end":{"line":139,"column":12}},{"start":{"line":139,"column":12},"end":{"line":139,"column":12}}]},"20":{"line":141,"type":"if","locations":[{"start":{"line":141,"column":19},"end":{"line":141,"column":19}},{"start":{"line":141,"column":19},"end":{"line":141,"column":19}}]},"21":{"line":141,"type":"binary-expr","locations":[{"start":{"line":141,"column":23},"end":{"line":141,"column":47}},{"start":{"line":141,"column":51},"end":{"line":141,"column":75}}]},"22":{"line":157,"type":"binary-expr","locations":[{"start":{"line":157,"column":168},"end":{"line":157,"column":189}},{"start":{"line":157,"column":193},"end":{"line":157,"column":198}}]},"23":{"line":157,"type":"if","locations":[{"start":{"line":157,"column":232},"end":{"line":157,"column":232}},{"start":{"line":157,"column":232},"end":{"line":157,"column":232}}]},"24":{"line":157,"type":"if","locations":[{"start":{"line":157,"column":407},"end":{"line":157,"column":407}},{"start":{"line":157,"column":407},"end":{"line":157,"column":407}}]},"25":{"line":157,"type":"if","locations":[{"start":{"line":157,"column":476},"end":{"line":157,"column":476}},{"start":{"line":157,"column":476},"end":{"line":157,"column":476}}]},"26":{"line":159,"type":"if","locations":[{"start":{"line":159,"column":50},"end":{"line":159,"column":50}},{"start":{"line":159,"column":50},"end":{"line":159,"column":50}}]},"27":{"line":168,"type":"binary-expr","locations":[{"start":{"line":168,"column":22},"end":{"line":168,"column":28}},{"start":{"line":168,"column":32},"end":{"line":168,"column":46}}]},"28":{"line":191,"type":"if","locations":[{"start":{"line":191,"column":20},"end":{"line":191,"column":20}},{"start":{"line":191,"column":20},"end":{"line":191,"column":20}}]},"29":{"line":199,"type":"if","locations":[{"start":{"line":199,"column":20},"end":{"line":199,"column":20}},{"start":{"line":199,"column":20},"end":{"line":199,"column":20}}]},"30":{"line":205,"type":"if","locations":[{"start":{"line":205,"column":20},"end":{"line":205,"column":20}},{"start":{"line":205,"column":20},"end":{"line":205,"column":20}}]},"31":{"line":256,"type":"if","locations":[{"start":{"line":256,"column":16},"end":{"line":256,"column":16}},{"start":{"line":256,"column":16},"end":{"line":256,"column":16}}]},"32":{"line":260,"type":"binary-expr","locations":[{"start":{"line":260,"column":26},"end":{"line":260,"column":33}},{"start":{"line":260,"column":37},"end":{"line":260,"column":39}}]},"33":{"line":261,"type":"binary-expr","locations":[{"start":{"line":261,"column":34},"end":{"line":261,"column":49}},{"start":{"line":261,"column":53},"end":{"line":261,"column":55}}]},"34":{"line":266,"type":"binary-expr","locations":[{"start":{"line":266,"column":27},"end":{"line":266,"column":28}},{"start":{"line":266,"column":32},"end":{"line":266,"column":38}},{"start":{"line":266,"column":42},"end":{"line":266,"column":49}}]},"35":{"line":276,"type":"if","locations":[{"start":{"line":276,"column":20},"end":{"line":276,"column":20}},{"start":{"line":276,"column":20},"end":{"line":276,"column":20}}]},"36":{"line":290,"type":"binary-expr","locations":[{"start":{"line":290,"column":45},"end":{"line":290,"column":60}},{"start":{"line":290,"column":64},"end":{"line":290,"column":66}}]},"37":{"line":291,"type":"if","locations":[{"start":{"line":291,"column":20},"end":{"line":291,"column":20}},{"start":{"line":291,"column":20},"end":{"line":291,"column":20}}]},"38":{"line":291,"type":"binary-expr","locations":[{"start":{"line":291,"column":24},"end":{"line":291,"column":28}},{"start":{"line":291,"column":32},"end":{"line":291,"column":41}},{"start":{"line":291,"column":45},"end":{"line":291,"column":53}}]},"39":{"line":292,"type":"if","locations":[{"start":{"line":292,"column":20},"end":{"line":292,"column":20}},{"start":{"line":292,"column":20},"end":{"line":292,"column":20}}]},"40":{"line":294,"type":"if","locations":[{"start":{"line":294,"column":24},"end":{"line":294,"column":24}},{"start":{"line":294,"column":24},"end":{"line":294,"column":24}}]},"41":{"line":294,"type":"binary-expr","locations":[{"start":{"line":294,"column":28},"end":{"line":294,"column":36}},{"start":{"line":294,"column":40},"end":{"line":294,"column":49}}]},"42":{"line":297,"type":"cond-expr","locations":[{"start":{"line":297,"column":95},"end":{"line":297,"column":97}},{"start":{"line":297,"column":100},"end":{"line":297,"column":113}}]},"43":{"line":299,"type":"if","locations":[{"start":{"line":299,"column":24},"end":{"line":299,"column":24}},{"start":{"line":299,"column":24},"end":{"line":299,"column":24}}]},"44":{"line":302,"type":"cond-expr","locations":[{"start":{"line":302,"column":54},"end":{"line":302,"column":67}},{"start":{"line":302,"column":70},"end":{"line":302,"column":73}}]},"45":{"line":303,"type":"if","locations":[{"start":{"line":303,"column":24},"end":{"line":303,"column":24}},{"start":{"line":303,"column":24},"end":{"line":303,"column":24}}]},"46":{"line":313,"type":"binary-expr","locations":[{"start":{"line":313,"column":50},"end":{"line":313,"column":70}},{"start":{"line":313,"column":74},"end":{"line":313,"column":76}}]},"47":{"line":316,"type":"binary-expr","locations":[{"start":{"line":316,"column":33},"end":{"line":316,"column":47}},{"start":{"line":316,"column":51},"end":{"line":316,"column":53}}]},"48":{"line":319,"type":"if","locations":[{"start":{"line":319,"column":20},"end":{"line":319,"column":20}},{"start":{"line":319,"column":20},"end":{"line":319,"column":20}}]},"49":{"line":319,"type":"binary-expr","locations":[{"start":{"line":319,"column":24},"end":{"line":319,"column":33}},{"start":{"line":319,"column":37},"end":{"line":319,"column":58}}]},"50":{"line":327,"type":"if","locations":[{"start":{"line":327,"column":20},"end":{"line":327,"column":20}},{"start":{"line":327,"column":20},"end":{"line":327,"column":20}}]},"51":{"line":331,"type":"if","locations":[{"start":{"line":331,"column":20},"end":{"line":331,"column":20}},{"start":{"line":331,"column":20},"end":{"line":331,"column":20}}]},"52":{"line":331,"type":"binary-expr","locations":[{"start":{"line":331,"column":24},"end":{"line":331,"column":33}},{"start":{"line":331,"column":37},"end":{"line":331,"column":41}},{"start":{"line":331,"column":45},"end":{"line":331,"column":66}}]},"53":{"line":336,"type":"if","locations":[{"start":{"line":336,"column":20},"end":{"line":336,"column":20}},{"start":{"line":336,"column":20},"end":{"line":336,"column":20}}]},"54":{"line":337,"type":"cond-expr","locations":[{"start":{"line":337,"column":58},"end":{"line":337,"column":61}},{"start":{"line":337,"column":64},"end":{"line":337,"column":67}}]},"55":{"line":345,"type":"binary-expr","locations":[{"start":{"line":345,"column":41},"end":{"line":345,"column":56}},{"start":{"line":345,"column":60},"end":{"line":345,"column":61}}]},"56":{"line":346,"type":"if","locations":[{"start":{"line":346,"column":24},"end":{"line":346,"column":24}},{"start":{"line":346,"column":24},"end":{"line":346,"column":24}}]},"57":{"line":351,"type":"binary-expr","locations":[{"start":{"line":351,"column":44},"end":{"line":351,"column":72}},{"start":{"line":351,"column":76},"end":{"line":351,"column":113}}]},"58":{"line":358,"type":"if","locations":[{"start":{"line":358,"column":20},"end":{"line":358,"column":20}},{"start":{"line":358,"column":20},"end":{"line":358,"column":20}}]},"59":{"line":358,"type":"binary-expr","locations":[{"start":{"line":358,"column":36},"end":{"line":358,"column":53}},{"start":{"line":358,"column":57},"end":{"line":358,"column":59}}]},"60":{"line":360,"type":"if","locations":[{"start":{"line":360,"column":27},"end":{"line":360,"column":27}},{"start":{"line":360,"column":27},"end":{"line":360,"column":27}}]},"61":{"line":360,"type":"binary-expr","locations":[{"start":{"line":360,"column":31},"end":{"line":360,"column":54}},{"start":{"line":360,"column":58},"end":{"line":360,"column":110}}]},"62":{"line":365,"type":"if","locations":[{"start":{"line":365,"column":20},"end":{"line":365,"column":20}},{"start":{"line":365,"column":20},"end":{"line":365,"column":20}}]},"63":{"line":365,"type":"binary-expr","locations":[{"start":{"line":365,"column":26},"end":{"line":365,"column":43}},{"start":{"line":365,"column":47},"end":{"line":365,"column":56}}]},"64":{"line":370,"type":"if","locations":[{"start":{"line":370,"column":24},"end":{"line":370,"column":24}},{"start":{"line":370,"column":24},"end":{"line":370,"column":24}}]},"65":{"line":370,"type":"binary-expr","locations":[{"start":{"line":370,"column":28},"end":{"line":370,"column":45}},{"start":{"line":370,"column":49},"end":{"line":370,"column":71}}]},"66":{"line":384,"type":"if","locations":[{"start":{"line":384,"column":28},"end":{"line":384,"column":28}},{"start":{"line":384,"column":28},"end":{"line":384,"column":28}}]},"67":{"line":386,"type":"if","locations":[{"start":{"line":386,"column":32},"end":{"line":386,"column":32}},{"start":{"line":386,"column":32},"end":{"line":386,"column":32}}]},"68":{"line":390,"type":"cond-expr","locations":[{"start":{"line":390,"column":59},"end":{"line":390,"column":63}},{"start":{"line":390,"column":66},"end":{"line":390,"column":69}}]},"69":{"line":392,"type":"if","locations":[{"start":{"line":392,"column":28},"end":{"line":392,"column":28}},{"start":{"line":392,"column":28},"end":{"line":392,"column":28}}]},"70":{"line":393,"type":"cond-expr","locations":[{"start":{"line":393,"column":60},"end":{"line":393,"column":69}},{"start":{"line":393,"column":72},"end":{"line":393,"column":80}}]},"71":{"line":416,"type":"binary-expr","locations":[{"start":{"line":416,"column":43},"end":{"line":416,"column":58}},{"start":{"line":416,"column":62},"end":{"line":416,"column":81}}]},"72":{"line":417,"type":"if","locations":[{"start":{"line":417,"column":28},"end":{"line":417,"column":28}},{"start":{"line":417,"column":28},"end":{"line":417,"column":28}}]},"73":{"line":417,"type":"binary-expr","locations":[{"start":{"line":417,"column":32},"end":{"line":417,"column":40}},{"start":{"line":417,"column":44},"end":{"line":417,"column":61}},{"start":{"line":417,"column":65},"end":{"line":417,"column":133}},{"start":{"line":420,"column":35},"end":{"line":420,"column":60}}]},"74":{"line":417,"type":"binary-expr","locations":[{"start":{"line":417,"column":66},"end":{"line":417,"column":103}},{"start":{"line":417,"column":107},"end":{"line":417,"column":109}}]},"75":{"line":426,"type":"if","locations":[{"start":{"line":426,"column":28},"end":{"line":426,"column":28}},{"start":{"line":426,"column":28},"end":{"line":426,"column":28}}]},"76":{"line":428,"type":"binary-expr","locations":[{"start":{"line":428,"column":45},"end":{"line":428,"column":75}},{"start":{"line":428,"column":79},"end":{"line":428,"column":81}}]},"77":{"line":431,"type":"if","locations":[{"start":{"line":431,"column":36},"end":{"line":431,"column":36}},{"start":{"line":431,"column":36},"end":{"line":431,"column":36}}]},"78":{"line":441,"type":"if","locations":[{"start":{"line":441,"column":28},"end":{"line":441,"column":28}},{"start":{"line":441,"column":28},"end":{"line":441,"column":28}}]},"79":{"line":441,"type":"binary-expr","locations":[{"start":{"line":441,"column":32},"end":{"line":441,"column":45}},{"start":{"line":441,"column":49},"end":{"line":441,"column":61}},{"start":{"line":441,"column":65},"end":{"line":441,"column":79}}]},"80":{"line":456,"type":"binary-expr","locations":[{"start":{"line":456,"column":40},"end":{"line":456,"column":45}},{"start":{"line":456,"column":49},"end":{"line":456,"column":64}}]},"81":{"line":464,"type":"cond-expr","locations":[{"start":{"line":464,"column":48},"end":{"line":464,"column":52}},{"start":{"line":464,"column":55},"end":{"line":464,"column":59}}]},"82":{"line":471,"type":"binary-expr","locations":[{"start":{"line":471,"column":43},"end":{"line":471,"column":63}},{"start":{"line":471,"column":67},"end":{"line":471,"column":96}},{"start":{"line":471,"column":100},"end":{"line":471,"column":102}}]},"83":{"line":473,"type":"binary-expr","locations":[{"start":{"line":473,"column":35},"end":{"line":473,"column":39}},{"start":{"line":473,"column":43},"end":{"line":473,"column":55}}]},"84":{"line":474,"type":"binary-expr","locations":[{"start":{"line":474,"column":37},"end":{"line":474,"column":40}},{"start":{"line":474,"column":44},"end":{"line":474,"column":46}}]},"85":{"line":478,"type":"if","locations":[{"start":{"line":478,"column":20},"end":{"line":478,"column":20}},{"start":{"line":478,"column":20},"end":{"line":478,"column":20}}]},"86":{"line":479,"type":"binary-expr","locations":[{"start":{"line":479,"column":30},"end":{"line":479,"column":98}},{"start":{"line":479,"column":102},"end":{"line":479,"column":109}}]},"87":{"line":481,"type":"if","locations":[{"start":{"line":481,"column":20},"end":{"line":481,"column":20}},{"start":{"line":481,"column":20},"end":{"line":481,"column":20}}]},"88":{"line":486,"type":"if","locations":[{"start":{"line":486,"column":24},"end":{"line":486,"column":24}},{"start":{"line":486,"column":24},"end":{"line":486,"column":24}}]}},"l":{"1":1,"3":1,"6":1,"9":2,"10":0,"13":2,"20":2,"23":2,"26":2,"31":1,"34":1,"37":1,"40":1,"41":0,"42":0,"51":1,"52":0,"53":0,"54":0,"55":0,"56":0,"60":1,"63":1,"66":1,"77":25,"79":1,"81":60,"84":49,"85":24,"87":25,"91":14,"94":40,"97":21,"100":10,"101":10,"102":10,"103":10,"104":0,"107":1,"108":22,"109":22,"110":22,"111":0,"112":0,"113":0,"115":22,"116":13,"117":12,"118":3,"120":9,"124":9,"125":6,"127":9,"128":9,"132":10,"133":10,"138":36,"139":78,"140":62,"141":16,"142":8,"145":36,"154":1,"155":1,"157":3,"159":2,"161":1,"162":1,"164":1,"165":1,"166":2,"168":2,"170":2,"181":1,"182":4,"183":4,"185":1,"186":1,"189":4,"191":1,"192":1,"193":1,"194":1,"199":1,"200":1,"201":1,"205":0,"206":0,"207":0,"213":2,"216":0,"217":0,"222":1,"227":2,"228":2,"229":2,"230":2,"232":2,"243":1,"246":8,"248":8,"249":8,"250":8,"251":8,"252":8,"253":8,"254":8,"255":8,"256":8,"257":0,"258":0,"260":8,"261":8,"263":1,"266":16,"275":1,"276":16,"277":6,"278":6,"281":10,"286":1,"287":8,"289":8,"290":8,"291":8,"292":8,"293":7,"294":7,"295":0,"296":0,"297":0,"299":7,"300":0,"302":7,"303":7,"307":7,"308":7,"309":7,"313":8,"314":8,"315":8,"316":8,"319":8,"320":1,"323":8,"326":8,"327":8,"328":1,"331":8,"332":0,"336":8,"337":1,"340":8,"343":8,"344":8,"345":8,"346":8,"347":8,"351":8,"354":8,"358":8,"359":2,"360":6,"361":1,"362":1,"365":8,"366":1,"369":8,"370":23,"372":0,"374":23,"377":23,"382":1,"383":8,"384":8,"386":0,"387":0,"389":0,"390":0,"392":8,"393":8,"395":8,"396":7,"398":1,"403":1,"404":1,"405":1,"408":1,"409":1,"410":1,"413":8,"414":7,"416":7,"417":7,"421":7,"424":7,"426":7,"427":7,"428":7,"429":7,"430":7,"431":7,"432":7,"433":7,"436":7,"437":7,"438":7,"440":7,"441":7,"442":7,"443":7,"444":7,"446":0,"447":0,"448":0,"451":0,"455":8,"456":1,"459":8,"460":0,"462":8,"463":8,"464":8,"468":8,"469":8,"470":8,"471":8,"472":8,"473":8,"474":8,"475":8,"476":8,"477":8,"478":8,"479":7,"481":8,"482":7,"484":8,"486":8,"487":8,"489":0,"492":0,"496":8,"497":8,"502":1,"507":1,"508":1,"513":1,"519":1,"521":1,"522":6,"523":8,"526":1,"527":3,"528":2,"532":1,"534":1,"535":1,"537":1}}}
