TN:
SF:C:\Users\katerina\visualStudioGit\fly\dist\fly.js
FN:1,(anonymous_1)
FN:6,__webpack_require__
FN:37,(anonymous_3)
FN:40,(anonymous_4)
FN:51,(anonymous_5)
FN:53,getDefault
FN:54,getModuleExports
FN:60,(anonymous_8)
FN:72,(anonymous_9)
FN:77,(anonymous_10)
FN:77,(anonymous_11)
FN:80,type
FN:83,isObject
FN:90,isFormData
FN:93,trim
FN:96,encode
FN:99,formatParams
FN:107,_encode
FN:111,(anonymous_19)
FN:137,merge
FN:152,(anonymous_21)
FN:154,KEEP
FN:157,(anonymous_23)
FN:157,defineProperties
FN:157,(anonymous_25)
FN:159,_classCallCheck
FN:164,(anonymous_27)
FN:165,Fly
FN:181,wrap
FN:185,_clear
FN:190,lock
FN:192,(anonymous_32)
FN:198,unlock
FN:204,clear
FN:215,use
FN:221,use
FN:245,request
FN:255,(anonymous_38)
FN:263,isPromise
FN:275,enqueueIfLocked
FN:277,(anonymous_41)
FN:286,makeRequest
FN:382,onresult
FN:383,(anonymous_44)
FN:395,(anonymous_45)
FN:397,(anonymous_46)
FN:403,onerror
FN:408,Err
FN:413,(anonymous_49)
FN:430,(anonymous_50)
FN:455,(anonymous_51)
FN:459,(anonymous_52)
FN:463,(anonymous_53)
FN:468,(anonymous_54)
FN:484,(anonymous_55)
FN:491,(anonymous_56)
FN:501,all
FN:506,spread
FN:507,(anonymous_59)
FN:521,(anonymous_60)
FN:522,(anonymous_61)
FN:526,(anonymous_62)
FN:527,(anonymous_63)
FN:532,(anonymous_64)
FNF:64
FNH:52
FNDA:1,(anonymous_1)
FNDA:2,__webpack_require__
FNDA:0,(anonymous_3)
FNDA:0,(anonymous_4)
FNDA:0,(anonymous_5)
FNDA:0,getDefault
FNDA:0,getModuleExports
FNDA:0,(anonymous_8)
FNDA:1,(anonymous_9)
FNDA:0,(anonymous_10)
FNDA:25,(anonymous_11)
FNDA:60,type
FNDA:49,isObject
FNDA:14,isFormData
FNDA:40,trim
FNDA:21,encode
FNDA:10,formatParams
FNDA:22,_encode
FNDA:0,(anonymous_19)
FNDA:36,merge
FNDA:1,(anonymous_21)
FNDA:1,KEEP
FNDA:1,(anonymous_23)
FNDA:1,defineProperties
FNDA:1,(anonymous_25)
FNDA:2,_classCallCheck
FNDA:1,(anonymous_27)
FNDA:2,Fly
FNDA:4,wrap
FNDA:1,_clear
FNDA:1,lock
FNDA:1,(anonymous_32)
FNDA:1,unlock
FNDA:0,clear
FNDA:0,use
FNDA:1,use
FNDA:8,request
FNDA:8,(anonymous_38)
FNDA:16,isPromise
FNDA:16,enqueueIfLocked
FNDA:6,(anonymous_41)
FNDA:8,makeRequest
FNDA:8,onresult
FNDA:8,(anonymous_44)
FNDA:7,(anonymous_45)
FNDA:1,(anonymous_46)
FNDA:1,onerror
FNDA:1,Err
FNDA:7,(anonymous_49)
FNDA:7,(anonymous_50)
FNDA:1,(anonymous_51)
FNDA:0,(anonymous_52)
FNDA:8,(anonymous_53)
FNDA:8,(anonymous_54)
FNDA:8,(anonymous_55)
FNDA:0,(anonymous_56)
FNDA:1,all
FNDA:1,spread
FNDA:1,(anonymous_59)
FNDA:6,(anonymous_60)
FNDA:8,(anonymous_61)
FNDA:3,(anonymous_62)
FNDA:2,(anonymous_63)
FNDA:1,(anonymous_64)
DA:1,1
DA:3,1
DA:6,1
DA:9,2
DA:10,0
DA:13,2
DA:20,2
DA:23,2
DA:26,2
DA:31,1
DA:34,1
DA:37,1
DA:40,1
DA:41,0
DA:42,0
DA:51,1
DA:52,0
DA:53,0
DA:54,0
DA:55,0
DA:56,0
DA:60,1
DA:63,1
DA:66,1
DA:77,25
DA:79,1
DA:81,60
DA:84,49
DA:85,24
DA:87,25
DA:91,14
DA:94,40
DA:97,21
DA:100,10
DA:101,10
DA:102,10
DA:103,10
DA:104,0
DA:107,1
DA:108,22
DA:109,22
DA:110,22
DA:111,0
DA:112,0
DA:113,0
DA:115,22
DA:116,13
DA:117,12
DA:118,3
DA:120,9
DA:124,9
DA:125,6
DA:127,9
DA:128,9
DA:132,10
DA:133,10
DA:138,36
DA:139,78
DA:140,62
DA:141,16
DA:142,8
DA:145,36
DA:154,1
DA:155,1
DA:157,3
DA:159,2
DA:161,1
DA:162,1
DA:164,1
DA:165,1
DA:166,2
DA:168,2
DA:170,2
DA:181,1
DA:182,4
DA:183,4
DA:185,1
DA:186,1
DA:189,4
DA:191,1
DA:192,1
DA:193,1
DA:194,1
DA:199,1
DA:200,1
DA:201,1
DA:205,0
DA:206,0
DA:207,0
DA:213,2
DA:216,0
DA:217,0
DA:222,1
DA:227,2
DA:228,2
DA:229,2
DA:230,2
DA:232,2
DA:243,1
DA:246,8
DA:248,8
DA:249,8
DA:250,8
DA:251,8
DA:252,8
DA:253,8
DA:254,8
DA:255,8
DA:256,8
DA:257,0
DA:258,0
DA:260,8
DA:261,8
DA:263,1
DA:266,16
DA:275,1
DA:276,16
DA:277,6
DA:278,6
DA:281,10
DA:286,1
DA:287,8
DA:289,8
DA:290,8
DA:291,8
DA:292,8
DA:293,7
DA:294,7
DA:295,0
DA:296,0
DA:297,0
DA:299,7
DA:300,0
DA:302,7
DA:303,7
DA:307,7
DA:308,7
DA:309,7
DA:313,8
DA:314,8
DA:315,8
DA:316,8
DA:319,8
DA:320,1
DA:323,8
DA:326,8
DA:327,8
DA:328,1
DA:331,8
DA:332,0
DA:336,8
DA:337,1
DA:340,8
DA:343,8
DA:344,8
DA:345,8
DA:346,8
DA:347,8
DA:351,8
DA:354,8
DA:358,8
DA:359,2
DA:360,6
DA:361,1
DA:362,1
DA:365,8
DA:366,1
DA:369,8
DA:370,23
DA:372,0
DA:374,23
DA:377,23
DA:382,1
DA:383,8
DA:384,8
DA:386,0
DA:387,0
DA:389,0
DA:390,0
DA:392,8
DA:393,8
DA:395,8
DA:396,7
DA:398,1
DA:403,1
DA:404,1
DA:405,1
DA:408,1
DA:409,1
DA:410,1
DA:413,8
DA:414,7
DA:416,7
DA:417,7
DA:421,7
DA:424,7
DA:426,7
DA:427,7
DA:428,7
DA:429,7
DA:430,7
DA:431,7
DA:432,7
DA:433,7
DA:436,7
DA:437,7
DA:438,7
DA:440,7
DA:441,7
DA:442,7
DA:443,7
DA:444,7
DA:446,0
DA:447,0
DA:448,0
DA:451,0
DA:455,8
DA:456,1
DA:459,8
DA:460,0
DA:462,8
DA:463,8
DA:464,8
DA:468,8
DA:469,8
DA:470,8
DA:471,8
DA:472,8
DA:473,8
DA:474,8
DA:475,8
DA:476,8
DA:477,8
DA:478,8
DA:479,7
DA:481,8
DA:482,7
DA:484,8
DA:486,8
DA:487,8
DA:489,0
DA:492,0
DA:496,8
DA:497,8
DA:502,1
DA:507,1
DA:508,1
DA:513,1
DA:519,1
DA:521,1
DA:522,6
DA:523,8
DA:526,1
DA:527,3
DA:528,2
DA:532,1
DA:534,1
DA:535,1
DA:537,1
LF:259
LH:223
BRDA:9,1,0,0
BRDA:9,1,1,2
BRDA:41,2,0,0
BRDA:41,2,1,0
BRDA:52,3,0,0
BRDA:52,3,1,0
BRDA:52,4,0,0
BRDA:52,4,1,0
BRDA:77,5,0,0
BRDA:77,5,1,1
BRDA:77,6,0,1
BRDA:77,6,1,0
BRDA:77,7,0,0
BRDA:77,7,1,25
BRDA:77,8,0,25
BRDA:77,8,1,25
BRDA:77,8,2,0
BRDA:77,8,3,0
BRDA:84,9,0,24
BRDA:84,9,1,25
BRDA:87,10,0,25
BRDA:87,10,1,25
BRDA:87,11,0,0
BRDA:87,11,1,25
BRDA:91,12,0,14
BRDA:91,12,1,14
BRDA:103,13,0,0
BRDA:103,13,1,10
BRDA:110,14,0,0
BRDA:110,14,1,22
BRDA:112,15,0,0
BRDA:112,15,1,0
BRDA:115,16,0,13
BRDA:115,16,1,9
BRDA:117,17,0,3
BRDA:117,17,1,9
BRDA:124,18,0,6
BRDA:124,18,1,3
BRDA:139,19,0,62
BRDA:139,19,1,16
BRDA:141,20,0,8
BRDA:141,20,1,8
BRDA:141,21,0,16
BRDA:141,21,1,8
BRDA:157,22,0,3
BRDA:157,22,1,3
BRDA:157,23,0,3
BRDA:157,23,1,0
BRDA:157,24,0,1
BRDA:157,24,1,0
BRDA:157,25,0,0
BRDA:157,25,1,1
BRDA:159,26,0,0
BRDA:159,26,1,2
BRDA:168,27,0,2
BRDA:168,27,1,2
BRDA:191,28,0,1
BRDA:191,28,1,0
BRDA:199,29,0,1
BRDA:199,29,1,0
BRDA:205,30,0,0
BRDA:205,30,1,0
BRDA:256,31,0,0
BRDA:256,31,1,8
BRDA:260,32,0,8
BRDA:260,32,1,0
BRDA:261,33,0,8
BRDA:261,33,1,6
BRDA:266,34,0,16
BRDA:266,34,1,16
BRDA:266,34,2,1
BRDA:276,35,0,6
BRDA:276,35,1,10
BRDA:290,36,0,8
BRDA:290,36,1,0
BRDA:291,37,0,0
BRDA:291,37,1,8
BRDA:291,38,0,8
BRDA:291,38,1,0
BRDA:291,38,2,0
BRDA:292,39,0,7
BRDA:292,39,1,1
BRDA:294,40,0,0
BRDA:294,40,1,7
BRDA:294,41,0,7
BRDA:294,41,1,0
BRDA:297,42,0,0
BRDA:297,42,1,0
BRDA:299,43,0,0
BRDA:299,43,1,7
BRDA:302,44,0,7
BRDA:302,44,1,0
BRDA:303,45,0,7
BRDA:303,45,1,0
BRDA:313,46,0,8
BRDA:313,46,1,8
BRDA:316,47,0,8
BRDA:316,47,1,0
BRDA:319,48,0,1
BRDA:319,48,1,7
BRDA:319,49,0,8
BRDA:319,49,1,6
BRDA:327,50,0,1
BRDA:327,50,1,7
BRDA:331,51,0,0
BRDA:331,51,1,8
BRDA:331,52,0,8
BRDA:331,52,1,6
BRDA:331,52,2,1
BRDA:336,53,0,1
BRDA:336,53,1,7
BRDA:337,54,0,0
BRDA:337,54,1,1
BRDA:345,55,0,8
BRDA:345,55,1,8
BRDA:346,56,0,8
BRDA:346,56,1,0
BRDA:351,57,0,8
BRDA:351,57,1,6
BRDA:358,58,0,2
BRDA:358,58,1,6
BRDA:358,59,0,8
BRDA:358,59,1,6
BRDA:360,60,0,1
BRDA:360,60,1,5
BRDA:360,61,0,6
BRDA:360,61,1,6
BRDA:365,62,0,1
BRDA:365,62,1,7
BRDA:365,63,0,8
BRDA:365,63,1,6
BRDA:370,64,0,0
BRDA:370,64,1,23
BRDA:370,65,0,23
BRDA:370,65,1,8
BRDA:384,66,0,0
BRDA:384,66,1,8
BRDA:386,67,0,0
BRDA:386,67,1,0
BRDA:390,68,0,0
BRDA:390,68,1,0
BRDA:392,69,0,8
BRDA:392,69,1,0
BRDA:393,70,0,7
BRDA:393,70,1,1
BRDA:416,71,0,7
BRDA:416,71,1,0
BRDA:417,72,0,7
BRDA:417,72,1,0
BRDA:417,73,0,7
BRDA:417,73,1,7
BRDA:417,73,2,7
BRDA:417,73,3,7
BRDA:417,74,0,7
BRDA:417,74,1,0
BRDA:426,75,0,7
BRDA:426,75,1,0
BRDA:428,76,0,7
BRDA:428,76,1,0
BRDA:431,77,0,0
BRDA:431,77,1,7
BRDA:441,78,0,7
BRDA:441,78,1,0
BRDA:441,79,0,7
BRDA:441,79,1,7
BRDA:441,79,2,0
BRDA:456,80,0,1
BRDA:456,80,1,1
BRDA:464,81,0,6
BRDA:464,81,1,2
BRDA:471,82,0,8
BRDA:471,82,1,8
BRDA:471,82,2,6
BRDA:473,83,0,8
BRDA:473,83,1,5
BRDA:474,84,0,8
BRDA:474,84,1,0
BRDA:478,85,0,7
BRDA:478,85,1,1
BRDA:479,86,0,7
BRDA:479,86,1,6
BRDA:481,87,0,7
BRDA:481,87,1,1
BRDA:486,88,0,8
BRDA:486,88,1,0
BRF:185
BRH:126
end_of_record
